Library/Bee/Android/Prj/Mono2x/Gradle/launcher/build/intermediates/manifest_merge_blame_file/release/manifest-merger-blame-release-report.txt
1<?xml version="1.0" encoding="utf-8"?>
2<manifest xmlns:android="http://schemas.android.com/apk/res/android"
3    package="com.ARDev.NatureLens"
4    android:installLocation="preferExternal"
5    android:versionCode="1"
6    android:versionName="1.6" >
7
8    <uses-sdk
9        android:minSdkVersion="23"
9-->src\main\AndroidManifest.xml
10        android:targetSdkVersion="30" />
10-->src\main\AndroidManifest.xml
11
12    <supports-screens
12-->src\main\AndroidManifest.xml:3:3-163
13        android:anyDensity="true"
13-->src\main\AndroidManifest.xml:3:135-160
14        android:largeScreens="true"
14-->src\main\AndroidManifest.xml:3:78-105
15        android:normalScreens="true"
15-->src\main\AndroidManifest.xml:3:49-77
16        android:smallScreens="true"
16-->src\main\AndroidManifest.xml:3:21-48
17        android:xlargeScreens="true" />
17-->src\main\AndroidManifest.xml:3:106-134
18
19    <uses-feature android:glEsVersion="0x00030000" />
19-->[:unityLibrary] AndroidManifest.xml:12:5-54
19-->[:unityLibrary] AndroidManifest.xml:12:19-51
20    <uses-feature
20-->[:unityLibrary] AndroidManifest.xml:13:5-15:36
21        android:name="android.hardware.vulkan.version"
21-->[:unityLibrary] AndroidManifest.xml:14:9-55
22        android:required="false" />
22-->[:unityLibrary] AndroidManifest.xml:15:9-33
23
24    <uses-permission android:name="android.permission.INTERNET" />
24-->[:unityLibrary] AndroidManifest.xml:17:5-67
24-->[:unityLibrary] AndroidManifest.xml:17:22-64
25    <uses-permission android:name="android.permission.CAMERA" />
25-->[:unityLibrary] AndroidManifest.xml:18:5-65
25-->[:unityLibrary] AndroidManifest.xml:18:22-62
26
27    <uses-feature
27-->[:unityLibrary] AndroidManifest.xml:20:5-22:36
28        android:name="android.hardware.camera"
28-->[:unityLibrary] AndroidManifest.xml:21:9-47
29        android:required="true" />
29-->[:unityLibrary] AndroidManifest.xml:22:9-33
30    <uses-feature
30-->[:unityLibrary] AndroidManifest.xml:23:5-25:36
31        android:name="android.hardware.camera.autofocus"
31-->[:unityLibrary] AndroidManifest.xml:24:9-57
32        android:required="false" />
32-->[:unityLibrary] AndroidManifest.xml:25:9-33
33    <uses-feature
33-->[:unityLibrary] AndroidManifest.xml:26:5-28:36
34        android:name="android.hardware.camera.front"
34-->[:unityLibrary] AndroidManifest.xml:27:9-53
35        android:required="false" />
35-->[:unityLibrary] AndroidManifest.xml:28:9-33
36    <uses-feature
36-->[:unityLibrary] AndroidManifest.xml:29:5-31:36
37        android:name="android.hardware.touchscreen"
37-->[:unityLibrary] AndroidManifest.xml:30:9-52
38        android:required="false" />
38-->[:unityLibrary] AndroidManifest.xml:31:9-33
39    <uses-feature
39-->[:unityLibrary] AndroidManifest.xml:32:5-34:36
40        android:name="android.hardware.touchscreen.multitouch"
40-->[:unityLibrary] AndroidManifest.xml:33:9-63
41        android:required="false" />
41-->[:unityLibrary] AndroidManifest.xml:34:9-33
42    <uses-feature
42-->[:unityLibrary] AndroidManifest.xml:35:5-37:36
43        android:name="android.hardware.touchscreen.multitouch.distinct"
43-->[:unityLibrary] AndroidManifest.xml:36:9-72
44        android:required="false" />
44-->[:unityLibrary] AndroidManifest.xml:37:9-33
45    <!--
46        Required by Vuforia: Add this permission to access IMU sensors at high rate
47        for device tracker functionality on Android 12+.
48    -->
49    <uses-permission android:name="android.permission.HIGH_SAMPLING_RATE_SENSORS" /> <!-- Required by Vuforia: Add this permission to allow checking of network. -->
49-->[:VuforiaEngine:] AndroidManifest.xml:16:5-85
49-->[:VuforiaEngine:] AndroidManifest.xml:16:22-82
50    <uses-permission android:name="android.permission.ACCESS_NETWORK_STATE" />
50-->[:VuforiaEngine:] AndroidManifest.xml:19:5-79
50-->[:VuforiaEngine:] AndroidManifest.xml:19:22-76
51
52    <application
52-->src\main\AndroidManifest.xml:4:3-83
53        android:extractNativeLibs="true"
53-->[:unityLibrary] AndroidManifest.xml:39:18-50
54        android:icon="@mipmap/app_icon"
54-->src\main\AndroidManifest.xml:4:49-80
55        android:label="@string/app_name" >
55-->src\main\AndroidManifest.xml:4:16-48
56        <activity
56-->[:unityLibrary] AndroidManifest.xml:40:9-60:20
57            android:name="com.unity3d.player.UnityPlayerActivity"
57-->[:unityLibrary] AndroidManifest.xml:41:13-66
58            android:configChanges="mcc|mnc|locale|touchscreen|keyboard|keyboardHidden|navigation|orientation|screenLayout|uiMode|screenSize|smallestScreenSize|fontScale|layoutDirection|density"
58-->[:unityLibrary] AndroidManifest.xml:42:13-194
59            android:hardwareAccelerated="false"
59-->[:unityLibrary] AndroidManifest.xml:43:13-48
60            android:launchMode="singleTask"
60-->[:unityLibrary] AndroidManifest.xml:44:13-44
61            android:resizeableActivity="false"
61-->[:unityLibrary] AndroidManifest.xml:45:13-47
62            android:screenOrientation="portrait"
62-->[:unityLibrary] AndroidManifest.xml:46:13-49
63            android:theme="@style/UnityThemeSelector" >
63-->[:unityLibrary] AndroidManifest.xml:47:13-54
64            <intent-filter>
64-->[:unityLibrary] AndroidManifest.xml:48:13-52:29
65                <action android:name="android.intent.action.MAIN" />
65-->[:unityLibrary] AndroidManifest.xml:49:17-69
65-->[:unityLibrary] AndroidManifest.xml:49:25-66
66
67                <category android:name="android.intent.category.LAUNCHER" />
67-->[:unityLibrary] AndroidManifest.xml:51:17-77
67-->[:unityLibrary] AndroidManifest.xml:51:27-74
68            </intent-filter>
69
70            <meta-data
70-->[:unityLibrary] AndroidManifest.xml:54:13-56:40
71                android:name="unityplayer.UnityActivity"
71-->[:unityLibrary] AndroidManifest.xml:55:17-57
72                android:value="true" />
72-->[:unityLibrary] AndroidManifest.xml:56:17-37
73            <meta-data
73-->[:unityLibrary] AndroidManifest.xml:57:13-59:40
74                android:name="android.notch_support"
74-->[:unityLibrary] AndroidManifest.xml:58:17-53
75                android:value="true" />
75-->[:unityLibrary] AndroidManifest.xml:59:17-37
76        </activity>
77
78        <meta-data
78-->[:unityLibrary] AndroidManifest.xml:62:9-64:33
79            android:name="unity.splash-mode"
79-->[:unityLibrary] AndroidManifest.xml:63:13-45
80            android:value="0" />
80-->[:unityLibrary] AndroidManifest.xml:64:13-30
81        <meta-data
81-->[:unityLibrary] AndroidManifest.xml:65:9-67:36
82            android:name="unity.splash-enable"
82-->[:unityLibrary] AndroidManifest.xml:66:13-47
83            android:value="True" />
83-->[:unityLibrary] AndroidManifest.xml:67:13-33
84        <meta-data
84-->[:unityLibrary] AndroidManifest.xml:68:9-70:36
85            android:name="unity.launch-fullscreen"
85-->[:unityLibrary] AndroidManifest.xml:69:13-51
86            android:value="True" />
86-->[:unityLibrary] AndroidManifest.xml:70:13-33
87        <meta-data
87-->[:unityLibrary] AndroidManifest.xml:71:9-73:37
88            android:name="unity.allow-resizable-window"
88-->[:unityLibrary] AndroidManifest.xml:72:13-56
89            android:value="False" />
89-->[:unityLibrary] AndroidManifest.xml:73:13-34
90        <meta-data
90-->[:unityLibrary] AndroidManifest.xml:74:9-76:50
91            android:name="notch.config"
91-->[:unityLibrary] AndroidManifest.xml:75:13-40
92            android:value="portrait|landscape" />
92-->[:unityLibrary] AndroidManifest.xml:76:13-47
93        <meta-data
93-->[:unityLibrary] AndroidManifest.xml:77:9-79:36
94            android:name="unity.auto-report-fully-drawn"
94-->[:unityLibrary] AndroidManifest.xml:78:13-57
95            android:value="true" />
95-->[:unityLibrary] AndroidManifest.xml:79:13-33
96
97        <provider
97-->[:VuforiaEngine:] AndroidManifest.xml:25:9-33:20
98            android:name="com.vuforia.engine.app.VuforiaContentProvider"
98-->[:VuforiaEngine:] AndroidManifest.xml:26:13-73
99            android:authorities="com.ARDev.NatureLens.vuforia.share"
99-->[:VuforiaEngine:] AndroidManifest.xml:27:13-65
100            android:exported="false"
100-->[:VuforiaEngine:] AndroidManifest.xml:28:13-37
101            android:grantUriPermissions="true" >
101-->[:VuforiaEngine:] AndroidManifest.xml:29:13-47
102            <meta-data
102-->[:VuforiaEngine:] AndroidManifest.xml:30:13-32:53
103                android:name="android.support.FILE_PROVIDER_PATHS"
103-->[:VuforiaEngine:] AndroidManifest.xml:31:17-67
104                android:resource="@xml/filepaths" />
104-->[:VuforiaEngine:] AndroidManifest.xml:32:17-50
105        </provider>
106    </application>
107
108</manifest>